
> axiom-web@0.1.0 prebuild
> npm run prepare:brain-model


> axiom-web@0.1.0 prepare:brain-model
> node ./scripts/prepare-brain-model.mjs

[prepare-brain-model] Prepared public\brain\brain-model.glb from assets-src\brain\brain-hologram.glb
[prepare-brain-model] Prepared public\brain\neurons\neuronspinous_pyramidyal_cell.glb
[prepare-brain-model] Up to date: public\brain\neurons\neuronspinous_stellate_cell.glb

> axiom-web@0.1.0 build
> next build

Ôû▓ Next.js 16.2.1 (Turbopack)

  Creating an optimized production build ...
Ô£ô Compiled successfully in 11.5s
  Running TypeScript ...
  Finished TypeScript in 4.4s ...
  Collecting page data using 7 workers ...
  Generating static pages using 7 workers (0/12) ...
  Generating static pages using 7 workers (3/12) 
  Generating static pages using 7 workers (6/12) 
  Generating static pages using 7 workers (9/12) 
Ô£ô Generating static pages using 7 workers (12/12) in 421ms
  Finalizing page optimization ...

Route (app)
Ôöî Ôùï /
Ôö£ Ôùï /_not-found
Ôö£ Ôùï /brain
Ôö£ Ôùï /chat
Ôö£ Ôùï /design
Ôö£ Ôùï /diagnostics
Ôö£ Ôùï /gguf
Ôö£ Ôùï /library
Ôö£ Ôùï /settings
Ôöö Ôùï /setup


Ôùï  (Static)  prerendered as static content

